build/intermediates/manifest_merge_blame_file/debug/processDebugMainManifest/manifest-merger-blame-debug-report.txt
1<?xml version="1.0" encoding="utf-8"?>
2<!--
3 Note: the actual manifest file used in your APK merges this file with contributions
4     from the modules on which your app depends (such as FtcRobotController, etc).
5     So it won't ultimately be as empty as it might here appear to be :-)
6-->
7<!-- The package name here determines the package for your R class and your BuildConfig class -->
8<manifest xmlns:android="http://schemas.android.com/apk/res/android"
9    package="com.qualcomm.ftcrobotcontroller"
10    android:versionCode="61"
11    android:versionName="11.1" >
12
13    <uses-sdk
14        android:minSdkVersion="24"
15        android:targetSdkVersion="28" />
16
17    <uses-permission android:name="android.permission.RECEIVE_BOOT_COMPLETED" />
17-->[:FtcRobotController] AndroidManifest.xml:10:5-81
17-->[:FtcRobotController] AndroidManifest.xml:10:22-78
18    <uses-permission
18-->[org.firstinspires.ftc:Blocks:11.1.0] AndroidManifest.xml:9:5-11:35
19        android:name="android.permission.WRITE_EXTERNAL_STORAGE"
19-->[org.firstinspires.ftc:Blocks:11.1.0] AndroidManifest.xml:10:9-65
20        android:required="true" />
20-->[org.firstinspires.ftc:Blocks:11.1.0] AndroidManifest.xml:11:9-32
21    <uses-permission
21-->[org.firstinspires.ftc:Blocks:11.1.0] AndroidManifest.xml:12:5-14:35
22        android:name="android.permission.READ_EXTERNAL_STORAGE"
22-->[org.firstinspires.ftc:Blocks:11.1.0] AndroidManifest.xml:13:9-64
23        android:required="true" />
23-->[org.firstinspires.ftc:Blocks:11.1.0] AndroidManifest.xml:14:9-32
24    <uses-permission
24-->[org.firstinspires.ftc:FtcCommon:11.1.0] AndroidManifest.xml:10:5-76
25        android:name="android.permission.ACCESS_WIFI_STATE"
25-->[org.firstinspires.ftc:FtcCommon:11.1.0] AndroidManifest.xml:10:22-73
26        android:required="true" />
26-->[org.firstinspires.ftc:RobotCore:11.1.0] AndroidManifest.xml:11:9-32
27    <uses-permission
27-->[org.firstinspires.ftc:FtcCommon:11.1.0] AndroidManifest.xml:17:5-19:35
28        android:name="android.permission.WRITE_SETTINGS"
28-->[org.firstinspires.ftc:FtcCommon:11.1.0] AndroidManifest.xml:18:9-57
29        android:required="true" />
29-->[org.firstinspires.ftc:FtcCommon:11.1.0] AndroidManifest.xml:19:9-32
30    <uses-permission android:name="android.permission.BLUETOOTH_ADMIN" />
30-->[org.firstinspires.ftc:Inspection:11.1.0] AndroidManifest.xml:10:5-74
30-->[org.firstinspires.ftc:Inspection:11.1.0] AndroidManifest.xml:10:22-71
31    <uses-permission
31-->[org.firstinspires.ftc:Inspection:11.1.0] AndroidManifest.xml:11:5-76
32        android:name="android.permission.CHANGE_WIFI_STATE"
32-->[org.firstinspires.ftc:Inspection:11.1.0] AndroidManifest.xml:11:22-73
33        android:required="true" />
33-->[org.firstinspires.ftc:RobotCore:11.1.0] AndroidManifest.xml:14:9-32
34    <uses-permission
34-->[org.firstinspires.ftc:Inspection:11.1.0] AndroidManifest.xml:12:5-79
35        android:name="android.permission.CHANGE_NETWORK_STATE"
35-->[org.firstinspires.ftc:Inspection:11.1.0] AndroidManifest.xml:12:22-76
36        android:required="true" />
36-->[org.firstinspires.ftc:RobotCore:11.1.0] AndroidManifest.xml:20:9-32
37    <uses-permission
37-->[org.firstinspires.ftc:Inspection:11.1.0] AndroidManifest.xml:13:5-67
38        android:name="android.permission.INTERNET"
38-->[org.firstinspires.ftc:Inspection:11.1.0] AndroidManifest.xml:13:22-64
39        android:required="true" />
39-->[org.firstinspires.ftc:RobotCore:11.1.0] AndroidManifest.xml:23:9-32
40    <uses-permission
40-->[org.firstinspires.ftc:Inspection:11.1.0] AndroidManifest.xml:14:5-79
41        android:name="android.permission.ACCESS_NETWORK_STATE"
41-->[org.firstinspires.ftc:Inspection:11.1.0] AndroidManifest.xml:14:22-76
42        android:required="true" />
42-->[org.firstinspires.ftc:RobotCore:11.1.0] AndroidManifest.xml:17:9-32
43    <uses-permission android:name="android.permission.BLUETOOTH" /> <!-- see AppUtil.setTimeZone() -->
43-->[org.firstinspires.ftc:Inspection:11.1.0] AndroidManifest.xml:15:5-68
43-->[org.firstinspires.ftc:Inspection:11.1.0] AndroidManifest.xml:15:22-65
44    <uses-permission
44-->[org.firstinspires.ftc:RobotCore:11.1.0] AndroidManifest.xml:40:5-42:35
45        android:name="android.permission.SET_TIME_ZONE"
45-->[org.firstinspires.ftc:RobotCore:11.1.0] AndroidManifest.xml:41:9-56
46        android:required="true" />
46-->[org.firstinspires.ftc:RobotCore:11.1.0] AndroidManifest.xml:42:9-32
47    <!--
48  Note: we suspect that this (android.permission.WAKE_LOCK) is no
49  longer needed, but haven't yet found the time necessary to verify
50  that assertion before removing it
51    -->
52    <uses-permission
52-->[org.firstinspires.ftc:RobotCore:11.1.0] AndroidManifest.xml:49:5-51:35
53        android:name="android.permission.WAKE_LOCK"
53-->[org.firstinspires.ftc:RobotCore:11.1.0] AndroidManifest.xml:50:9-52
54        android:required="true" />
54-->[org.firstinspires.ftc:RobotCore:11.1.0] AndroidManifest.xml:51:9-32
55    <uses-permission android:name="android.permission.CAMERA" />
55-->[org.firstinspires.ftc:RobotCore:11.1.0] AndroidManifest.xml:52:5-65
55-->[org.firstinspires.ftc:RobotCore:11.1.0] AndroidManifest.xml:52:22-62
56    <uses-permission
56-->[org.firstinspires.ftc:RobotCore:11.1.0] AndroidManifest.xml:53:5-55:35
57        android:name="android.permission.ACCESS_COARSE_LOCATION"
57-->[org.firstinspires.ftc:RobotCore:11.1.0] AndroidManifest.xml:54:9-65
58        android:required="true" />
58-->[org.firstinspires.ftc:RobotCore:11.1.0] AndroidManifest.xml:55:9-32
59    <uses-permission
59-->[org.firstinspires.ftc:RobotCore:11.1.0] AndroidManifest.xml:56:5-58:35
60        android:name="android.permission.ACCESS_FINE_LOCATION"
60-->[org.firstinspires.ftc:RobotCore:11.1.0] AndroidManifest.xml:57:9-63
61        android:required="true" />
61-->[org.firstinspires.ftc:RobotCore:11.1.0] AndroidManifest.xml:58:9-32
62    <uses-permission
62-->[org.firstinspires.ftc:RobotCore:11.1.0] AndroidManifest.xml:59:5-61:35
63        android:name="android.permission.READ_PHONE_STATE"
63-->[org.firstinspires.ftc:RobotCore:11.1.0] AndroidManifest.xml:60:9-59
64        android:required="true" />
64-->[org.firstinspires.ftc:RobotCore:11.1.0] AndroidManifest.xml:61:9-32
65    <uses-permission
65-->[org.firstinspires.ftc:RobotCore:11.1.0] AndroidManifest.xml:64:5-66:35
66        android:name="com.revrobotics.permission.UPDATE_CONTROL_HUB"
66-->[org.firstinspires.ftc:RobotCore:11.1.0] AndroidManifest.xml:65:9-69
67        android:required="true" />
67-->[org.firstinspires.ftc:RobotCore:11.1.0] AndroidManifest.xml:66:9-32
68
69    <uses-feature android:name="android.hardware.usb.accessory" />
69-->[org.firstinspires.ftc:RobotCore:11.1.0] AndroidManifest.xml:68:5-67
69-->[org.firstinspires.ftc:RobotCore:11.1.0] AndroidManifest.xml:68:19-64
70    <uses-feature android:glEsVersion="0x00020000" />
70-->[org.firstinspires.ftc:RobotCore:11.1.0] AndroidManifest.xml:69:5-54
70-->[org.firstinspires.ftc:RobotCore:11.1.0] AndroidManifest.xml:69:19-51
71    <!--
72        NOTE: Any application that requests the CAMERA permission but does not
73        declare any camera features with the <uses-feature> element will be
74        assumed to use all camera features (auto-focus and flash). Thus, the
75        application will not be compatible with devices that do not support
76        all camera features. We use <uses-feature> to declare only the
77        camera features that our application does need. For instance, if you
78        request the CAMERA permission, but you do not need auto-focus or
79        flash, then declare only the android.hardware.camera feature. The
80        other camera features that you do not request will no longer be
81        assumed as required.
82    -->
83    <uses-feature android:name="android.hardware.camera" />
83-->[org.firstinspires.ftc:RobotCore:11.1.0] AndroidManifest.xml:83:5-60
83-->[org.firstinspires.ftc:RobotCore:11.1.0] AndroidManifest.xml:83:19-57
84    <uses-feature
84-->[com.journeyapps:zxing-android-embedded:4.3.0] AndroidManifest.xml:28:5-30:36
85        android:name="android.hardware.camera.front"
85-->[com.journeyapps:zxing-android-embedded:4.3.0] AndroidManifest.xml:29:9-53
86        android:required="false" /> <!-- TODO replace above two with next line after Android 4.2 -->
86-->[com.journeyapps:zxing-android-embedded:4.3.0] AndroidManifest.xml:30:9-33
87    <!-- <uses-feature android:name="android.hardware.camera.any"/> -->
88    <uses-feature
88-->[com.journeyapps:zxing-android-embedded:4.3.0] AndroidManifest.xml:33:5-35:36
89        android:name="android.hardware.camera.autofocus"
89-->[com.journeyapps:zxing-android-embedded:4.3.0] AndroidManifest.xml:34:9-57
90        android:required="false" />
90-->[com.journeyapps:zxing-android-embedded:4.3.0] AndroidManifest.xml:35:9-33
91    <uses-feature
91-->[com.journeyapps:zxing-android-embedded:4.3.0] AndroidManifest.xml:36:5-38:36
92        android:name="android.hardware.camera.flash"
92-->[com.journeyapps:zxing-android-embedded:4.3.0] AndroidManifest.xml:37:9-53
93        android:required="false" />
93-->[com.journeyapps:zxing-android-embedded:4.3.0] AndroidManifest.xml:38:9-33
94    <uses-feature
94-->[com.journeyapps:zxing-android-embedded:4.3.0] AndroidManifest.xml:39:5-41:36
95        android:name="android.hardware.screen.landscape"
95-->[com.journeyapps:zxing-android-embedded:4.3.0] AndroidManifest.xml:40:9-57
96        android:required="false" />
96-->[com.journeyapps:zxing-android-embedded:4.3.0] AndroidManifest.xml:41:9-33
97    <uses-feature
97-->[com.journeyapps:zxing-android-embedded:4.3.0] AndroidManifest.xml:42:5-44:36
98        android:name="android.hardware.wifi"
98-->[com.journeyapps:zxing-android-embedded:4.3.0] AndroidManifest.xml:43:9-45
99        android:required="false" />
99-->[com.journeyapps:zxing-android-embedded:4.3.0] AndroidManifest.xml:44:9-33
100
101    <permission
101-->[androidx.core:core:1.13.1] AndroidManifest.xml:22:5-24:47
102        android:name="com.qualcomm.ftcrobotcontroller.DYNAMIC_RECEIVER_NOT_EXPORTED_PERMISSION"
102-->[androidx.core:core:1.13.1] AndroidManifest.xml:23:9-81
103        android:protectionLevel="signature" />
103-->[androidx.core:core:1.13.1] AndroidManifest.xml:24:9-44
104
105    <uses-permission android:name="com.qualcomm.ftcrobotcontroller.DYNAMIC_RECEIVER_NOT_EXPORTED_PERMISSION" />
105-->[androidx.core:core:1.13.1] AndroidManifest.xml:26:5-97
105-->[androidx.core:core:1.13.1] AndroidManifest.xml:26:22-94
106
107    <application
107-->src/main/AndroidManifest.xml:10:5-19
108        android:name="org.firstinspires.ftc.robotcore.internal.system.RobotApplication"
108-->[org.firstinspires.ftc:RobotCore:11.1.0] AndroidManifest.xml:85:18-97
109        android:allowBackup="true"
109-->[:FtcRobotController] AndroidManifest.xml:13:9-35
110        android:appComponentFactory="androidx.core.app.CoreComponentFactory"
110-->[androidx.core:core:1.13.1] AndroidManifest.xml:28:18-86
111        android:debuggable="true"
112        android:extractNativeLibs="true"
113        android:icon="@drawable/ic_launcher"
113-->[:FtcRobotController] AndroidManifest.xml:14:9-45
114        android:label="@string/app_name"
114-->[:FtcRobotController] AndroidManifest.xml:15:9-41
115        android:largeHeap="true"
115-->[:FtcRobotController] AndroidManifest.xml:16:9-33
116        android:testOnly="true"
117        android:theme="@style/AppThemeRedRC"
117-->[:FtcRobotController] AndroidManifest.xml:17:9-45
118        android:usesCleartextTraffic="true" > <!-- Indicates to the ControlHubUpdater what the latest version of the Control Hub is that this app supports -->
118-->[:FtcRobotController] AndroidManifest.xml:18:9-44
119        <meta-data
119-->[:FtcRobotController] AndroidManifest.xml:21:9-23:33
120            android:name="org.firstinspires.latestSupportedControlHubVersion"
120-->[:FtcRobotController] AndroidManifest.xml:22:13-78
121            android:value="1" /> <!-- The main robot controller activity -->
121-->[:FtcRobotController] AndroidManifest.xml:23:13-30
122        <activity
122-->[:FtcRobotController] AndroidManifest.xml:26:9-37:20
123            android:name="org.firstinspires.ftc.robotcontroller.internal.PermissionValidatorWrapper"
123-->[:FtcRobotController] AndroidManifest.xml:27:13-101
124            android:configChanges="orientation|screenSize"
124-->[:FtcRobotController] AndroidManifest.xml:28:13-59
125            android:label="@string/app_name"
125-->[:FtcRobotController] AndroidManifest.xml:29:13-45
126            android:launchMode="singleTask"
126-->[:FtcRobotController] AndroidManifest.xml:30:13-44
127            android:screenOrientation="fullUser" >
127-->[:FtcRobotController] AndroidManifest.xml:31:13-49
128            <intent-filter>
128-->[:FtcRobotController] AndroidManifest.xml:32:13-36:29
129                <category android:name="android.intent.category.LAUNCHER" />
129-->[:FtcRobotController] AndroidManifest.xml:33:17-77
129-->[:FtcRobotController] AndroidManifest.xml:33:27-74
130
131                <action android:name="android.intent.action.MAIN" />
131-->[:FtcRobotController] AndroidManifest.xml:35:17-69
131-->[:FtcRobotController] AndroidManifest.xml:35:25-66
132            </intent-filter>
133        </activity>
134        <activity
134-->[:FtcRobotController] AndroidManifest.xml:38:9-56:20
135            android:name="org.firstinspires.ftc.robotcontroller.internal.FtcRobotControllerActivity"
135-->[:FtcRobotController] AndroidManifest.xml:39:13-101
136            android:configChanges="orientation|screenSize"
136-->[:FtcRobotController] AndroidManifest.xml:40:13-59
137            android:label="@string/app_name"
137-->[:FtcRobotController] AndroidManifest.xml:41:13-45
138            android:launchMode="singleTask"
138-->[:FtcRobotController] AndroidManifest.xml:42:13-44
139            android:screenOrientation="fullUser" >
139-->[:FtcRobotController] AndroidManifest.xml:43:13-49
140            <intent-filter>
140-->[:FtcRobotController] AndroidManifest.xml:44:13-46:29
141                <action android:name="android.hardware.usb.action.USB_DEVICE_ATTACHED" />
141-->[:FtcRobotController] AndroidManifest.xml:45:17-90
141-->[:FtcRobotController] AndroidManifest.xml:45:25-87
142            </intent-filter>
143
144            <meta-data
144-->[:FtcRobotController] AndroidManifest.xml:48:13-50:57
145                android:name="android.hardware.usb.action.USB_DEVICE_ATTACHED"
145-->[:FtcRobotController] AndroidManifest.xml:49:17-79
146                android:resource="@xml/device_filter" />
146-->[:FtcRobotController] AndroidManifest.xml:50:17-54
147
148            <!-- org.firstinspires.main.entry indicates that this app is compatible with the Dragonboard Control Hub -->
149            <meta-data
149-->[:FtcRobotController] AndroidManifest.xml:53:13-55:40
150                android:name="org.firstinspires.main.entry"
150-->[:FtcRobotController] AndroidManifest.xml:54:17-60
151                android:value="true" />
151-->[:FtcRobotController] AndroidManifest.xml:55:17-37
152        </activity> <!-- The robot controller service in which most of the robot functionality is managed -->
153        <service
153-->[:FtcRobotController] AndroidManifest.xml:59:9-61:38
154            android:name="com.qualcomm.ftccommon.FtcRobotControllerService"
154-->[:FtcRobotController] AndroidManifest.xml:60:13-76
155            android:enabled="true" /> <!-- Assistant that autostarts the robot controller on android boot (if it's supposed to) -->
155-->[:FtcRobotController] AndroidManifest.xml:61:13-35
156        <receiver
156-->[:FtcRobotController] AndroidManifest.xml:64:9-75:20
157            android:name="org.firstinspires.ftc.ftccommon.internal.RunOnBoot"
157-->[:FtcRobotController] AndroidManifest.xml:65:13-78
158            android:enabled="true"
158-->[:FtcRobotController] AndroidManifest.xml:66:13-35
159            android:exported="true"
159-->[:FtcRobotController] AndroidManifest.xml:67:13-36
160            android:permission="android.permission.RECEIVE_BOOT_COMPLETED" >
160-->[:FtcRobotController] AndroidManifest.xml:68:13-75
161            <intent-filter>
161-->[:FtcRobotController] AndroidManifest.xml:69:13-74:29
162                <category android:name="android.intent.category.DEFAULT" />
162-->[:FtcRobotController] AndroidManifest.xml:70:17-76
162-->[:FtcRobotController] AndroidManifest.xml:70:27-73
163
164                <action android:name="android.intent.action.BOOT_COMPLETED" />
164-->[:FtcRobotController] AndroidManifest.xml:72:17-79
164-->[:FtcRobotController] AndroidManifest.xml:72:25-76
165                <action android:name="android.intent.action.QUICKBOOT_POWERON" />
165-->[:FtcRobotController] AndroidManifest.xml:73:17-82
165-->[:FtcRobotController] AndroidManifest.xml:73:25-79
166            </intent-filter>
167        </receiver>
168
169        <activity
169-->[org.firstinspires.ftc:Blocks:11.1.0] AndroidManifest.xml:17:9-21:20
170            android:name="org.firstinspires.ftc.ftccommon.internal.ProgramAndManageActivity"
170-->[org.firstinspires.ftc:Blocks:11.1.0] AndroidManifest.xml:18:13-93
171            android:configChanges="orientation|screenSize"
171-->[org.firstinspires.ftc:Blocks:11.1.0] AndroidManifest.xml:19:13-59
172            android:label="@string/program_and_manage_activity" >
172-->[org.firstinspires.ftc:Blocks:11.1.0] AndroidManifest.xml:20:13-64
173        </activity>
174        <activity
174-->[org.firstinspires.ftc:FtcCommon:11.1.0] AndroidManifest.xml:24:9-28:47
175            android:name="com.qualcomm.ftccommon.StackTraceActivity"
175-->[org.firstinspires.ftc:FtcCommon:11.1.0] AndroidManifest.xml:25:13-69
176            android:configChanges="orientation|screenSize"
176-->[org.firstinspires.ftc:FtcCommon:11.1.0] AndroidManifest.xml:26:13-59
177            android:exported="true"
177-->[org.firstinspires.ftc:FtcCommon:11.1.0] AndroidManifest.xml:27:13-36
178            android:launchMode="singleTask" />
178-->[org.firstinspires.ftc:FtcCommon:11.1.0] AndroidManifest.xml:28:13-44
179        <activity
179-->[org.firstinspires.ftc:FtcCommon:11.1.0] AndroidManifest.xml:29:9-33:20
180            android:name="com.qualcomm.ftccommon.FtcRobotControllerSettingsActivity"
180-->[org.firstinspires.ftc:FtcCommon:11.1.0] AndroidManifest.xml:30:13-85
181            android:exported="true"
181-->[org.firstinspires.ftc:FtcCommon:11.1.0] AndroidManifest.xml:31:13-36
182            android:label="@string/settings_activity" >
182-->[org.firstinspires.ftc:FtcCommon:11.1.0] AndroidManifest.xml:32:13-54
183        </activity>
184        <activity
184-->[org.firstinspires.ftc:FtcCommon:11.1.0] AndroidManifest.xml:34:9-39:20
185            android:name="com.qualcomm.ftccommon.configuration.FtcLoadFileActivity"
185-->[org.firstinspires.ftc:FtcCommon:11.1.0] AndroidManifest.xml:35:13-84
186            android:configChanges="orientation|screenSize"
186-->[org.firstinspires.ftc:FtcCommon:11.1.0] AndroidManifest.xml:36:13-59
187            android:exported="true"
187-->[org.firstinspires.ftc:FtcCommon:11.1.0] AndroidManifest.xml:37:13-36
188            android:label="@string/configure_activity" >
188-->[org.firstinspires.ftc:FtcCommon:11.1.0] AndroidManifest.xml:38:13-55
189        </activity>
190        <activity
190-->[org.firstinspires.ftc:FtcCommon:11.1.0] AndroidManifest.xml:40:9-45:20
191            android:name="com.qualcomm.ftccommon.configuration.ConfigureFromTemplateActivity"
191-->[org.firstinspires.ftc:FtcCommon:11.1.0] AndroidManifest.xml:41:13-94
192            android:configChanges="orientation|screenSize"
192-->[org.firstinspires.ftc:FtcCommon:11.1.0] AndroidManifest.xml:42:13-59
193            android:exported="true"
193-->[org.firstinspires.ftc:FtcCommon:11.1.0] AndroidManifest.xml:43:13-36
194            android:label="@string/title_activity_configfromtemplate" >
194-->[org.firstinspires.ftc:FtcCommon:11.1.0] AndroidManifest.xml:44:13-70
195        </activity>
196        <activity
196-->[org.firstinspires.ftc:FtcCommon:11.1.0] AndroidManifest.xml:46:9-51:20
197            android:name="com.qualcomm.ftccommon.ViewLogsActivity"
197-->[org.firstinspires.ftc:FtcCommon:11.1.0] AndroidManifest.xml:47:13-67
198            android:configChanges="orientation|screenSize"
198-->[org.firstinspires.ftc:FtcCommon:11.1.0] AndroidManifest.xml:48:13-59
199            android:exported="true"
199-->[org.firstinspires.ftc:FtcCommon:11.1.0] AndroidManifest.xml:49:13-36
200            android:label="@string/view_logs_activity" >
200-->[org.firstinspires.ftc:FtcCommon:11.1.0] AndroidManifest.xml:50:13-55
201        </activity>
202        <activity
202-->[org.firstinspires.ftc:FtcCommon:11.1.0] AndroidManifest.xml:52:9-56:20
203            android:name="com.qualcomm.ftccommon.configuration.FtcConfigurationActivity"
203-->[org.firstinspires.ftc:FtcCommon:11.1.0] AndroidManifest.xml:53:13-89
204            android:configChanges="orientation|screenSize"
204-->[org.firstinspires.ftc:FtcCommon:11.1.0] AndroidManifest.xml:54:13-59
205            android:label="@string/app_name" >
205-->[org.firstinspires.ftc:FtcCommon:11.1.0] AndroidManifest.xml:55:13-45
206        </activity>
207        <activity
207-->[org.firstinspires.ftc:FtcCommon:11.1.0] AndroidManifest.xml:57:9-61:20
208            android:name="com.qualcomm.ftccommon.configuration.FtcNewFileActivity"
208-->[org.firstinspires.ftc:FtcCommon:11.1.0] AndroidManifest.xml:58:13-83
209            android:configChanges="orientation|screenSize"
209-->[org.firstinspires.ftc:FtcCommon:11.1.0] AndroidManifest.xml:59:13-59
210            android:label="@string/app_name" >
210-->[org.firstinspires.ftc:FtcCommon:11.1.0] AndroidManifest.xml:60:13-45
211        </activity>
212        <activity
212-->[org.firstinspires.ftc:FtcCommon:11.1.0] AndroidManifest.xml:62:9-66:20
213            android:name="com.qualcomm.ftccommon.FtcAdvancedRCSettingsActivity"
213-->[org.firstinspires.ftc:FtcCommon:11.1.0] AndroidManifest.xml:63:13-80
214            android:exported="true"
214-->[org.firstinspires.ftc:FtcCommon:11.1.0] AndroidManifest.xml:64:13-36
215            android:label="@string/titleAdvancedRCSettings" >
215-->[org.firstinspires.ftc:FtcCommon:11.1.0] AndroidManifest.xml:65:13-60
216        </activity>
217        <activity
217-->[org.firstinspires.ftc:FtcCommon:11.1.0] AndroidManifest.xml:67:9-70:20
218            android:name="com.qualcomm.ftccommon.FtcLynxFirmwareUpdateActivity"
218-->[org.firstinspires.ftc:FtcCommon:11.1.0] AndroidManifest.xml:68:13-80
219            android:exported="true" >
219-->[org.firstinspires.ftc:FtcCommon:11.1.0] AndroidManifest.xml:69:13-36
220        </activity>
221        <activity
221-->[org.firstinspires.ftc:FtcCommon:11.1.0] AndroidManifest.xml:71:9-74:20
222            android:name="com.qualcomm.ftccommon.FtcLynxModuleAddressUpdateActivity"
222-->[org.firstinspires.ftc:FtcCommon:11.1.0] AndroidManifest.xml:72:13-85
223            android:exported="true" >
223-->[org.firstinspires.ftc:FtcCommon:11.1.0] AndroidManifest.xml:73:13-36
224        </activity>
225        <activity
225-->[org.firstinspires.ftc:FtcCommon:11.1.0] AndroidManifest.xml:75:9-79:20
226            android:name="com.qualcomm.ftccommon.FtcWifiDirectChannelSelectorActivity"
226-->[org.firstinspires.ftc:FtcCommon:11.1.0] AndroidManifest.xml:76:13-87
227            android:exported="true"
227-->[org.firstinspires.ftc:FtcCommon:11.1.0] AndroidManifest.xml:77:13-36
228            android:label="@string/title_activity_wifi_channel_selector" >
228-->[org.firstinspires.ftc:FtcCommon:11.1.0] AndroidManifest.xml:78:13-73
229        </activity>
230        <activity
230-->[org.firstinspires.ftc:FtcCommon:11.1.0] AndroidManifest.xml:80:9-84:20
231            android:name="com.qualcomm.ftccommon.FtcWifiDirectRememberedGroupsActivity"
231-->[org.firstinspires.ftc:FtcCommon:11.1.0] AndroidManifest.xml:81:13-88
232            android:exported="true"
232-->[org.firstinspires.ftc:FtcCommon:11.1.0] AndroidManifest.xml:82:13-36
233            android:label="@string/title_activity_wifi_remembered_groups_editor" >
233-->[org.firstinspires.ftc:FtcCommon:11.1.0] AndroidManifest.xml:83:13-81
234        </activity>
235        <activity
235-->[org.firstinspires.ftc:FtcCommon:11.1.0] AndroidManifest.xml:85:9-88:20
236            android:name="com.qualcomm.ftccommon.AboutActivity"
236-->[org.firstinspires.ftc:FtcCommon:11.1.0] AndroidManifest.xml:86:13-64
237            android:label="@string/about_activity" >
237-->[org.firstinspires.ftc:FtcCommon:11.1.0] AndroidManifest.xml:87:13-51
238        </activity>
239        <activity
239-->[org.firstinspires.ftc:FtcCommon:11.1.0] AndroidManifest.xml:89:9-92:20
240            android:name="com.qualcomm.ftccommon.FtcAboutActivity"
240-->[org.firstinspires.ftc:FtcCommon:11.1.0] AndroidManifest.xml:90:13-67
241            android:label="@string/ftc_about_activity" >
241-->[org.firstinspires.ftc:FtcCommon:11.1.0] AndroidManifest.xml:91:13-55
242        </activity>
243        <activity
243-->[org.firstinspires.ftc:FtcCommon:11.1.0] AndroidManifest.xml:93:9-98:20
244            android:name="com.qualcomm.ftccommon.configuration.EditSwapUsbDevices"
244-->[org.firstinspires.ftc:FtcCommon:11.1.0] AndroidManifest.xml:94:13-83
245            android:configChanges="orientation|screenSize"
245-->[org.firstinspires.ftc:FtcCommon:11.1.0] AndroidManifest.xml:95:13-59
246            android:label="@string/edit_swap_devices_activity"
246-->[org.firstinspires.ftc:FtcCommon:11.1.0] AndroidManifest.xml:96:13-63
247            android:windowSoftInputMode="stateHidden" >
247-->[org.firstinspires.ftc:FtcCommon:11.1.0] AndroidManifest.xml:97:13-54
248        </activity>
249        <activity
249-->[org.firstinspires.ftc:FtcCommon:11.1.0] AndroidManifest.xml:99:9-104:20
250            android:name="com.qualcomm.ftccommon.configuration.EditMotorListActivity"
250-->[org.firstinspires.ftc:FtcCommon:11.1.0] AndroidManifest.xml:100:13-86
251            android:configChanges="orientation|screenSize"
251-->[org.firstinspires.ftc:FtcCommon:11.1.0] AndroidManifest.xml:101:13-59
252            android:label="@string/edit_motor_controller_activity"
252-->[org.firstinspires.ftc:FtcCommon:11.1.0] AndroidManifest.xml:102:13-67
253            android:windowSoftInputMode="stateHidden" >
253-->[org.firstinspires.ftc:FtcCommon:11.1.0] AndroidManifest.xml:103:13-54
254        </activity>
255        <activity
255-->[org.firstinspires.ftc:FtcCommon:11.1.0] AndroidManifest.xml:105:9-110:20
256            android:name="com.qualcomm.ftccommon.configuration.EditServoListActivity"
256-->[org.firstinspires.ftc:FtcCommon:11.1.0] AndroidManifest.xml:106:13-86
257            android:configChanges="orientation|screenSize"
257-->[org.firstinspires.ftc:FtcCommon:11.1.0] AndroidManifest.xml:107:13-59
258            android:label="@string/edit_servo_controller_activity"
258-->[org.firstinspires.ftc:FtcCommon:11.1.0] AndroidManifest.xml:108:13-67
259            android:windowSoftInputMode="stateHidden|adjustResize" >
259-->[org.firstinspires.ftc:FtcCommon:11.1.0] AndroidManifest.xml:109:13-67
260        </activity>
261        <activity
261-->[org.firstinspires.ftc:FtcCommon:11.1.0] AndroidManifest.xml:111:9-116:20
262            android:name="com.qualcomm.ftccommon.configuration.EditLynxModuleActivity"
262-->[org.firstinspires.ftc:FtcCommon:11.1.0] AndroidManifest.xml:112:13-87
263            android:configChanges="orientation|screenSize"
263-->[org.firstinspires.ftc:FtcCommon:11.1.0] AndroidManifest.xml:113:13-59
264            android:label="@string/edit_lynx_module_controller_activity"
264-->[org.firstinspires.ftc:FtcCommon:11.1.0] AndroidManifest.xml:114:13-73
265            android:windowSoftInputMode="stateHidden|adjustResize" >
265-->[org.firstinspires.ftc:FtcCommon:11.1.0] AndroidManifest.xml:115:13-67
266        </activity>
267        <activity
267-->[org.firstinspires.ftc:FtcCommon:11.1.0] AndroidManifest.xml:117:9-122:20
268            android:name="com.qualcomm.ftccommon.configuration.EditLynxUsbDeviceActivity"
268-->[org.firstinspires.ftc:FtcCommon:11.1.0] AndroidManifest.xml:118:13-90
269            android:configChanges="orientation|screenSize"
269-->[org.firstinspires.ftc:FtcCommon:11.1.0] AndroidManifest.xml:119:13-59
270            android:label="@string/edit_lynx_usb_device_activity"
270-->[org.firstinspires.ftc:FtcCommon:11.1.0] AndroidManifest.xml:120:13-66
271            android:windowSoftInputMode="stateHidden|adjustResize" >
271-->[org.firstinspires.ftc:FtcCommon:11.1.0] AndroidManifest.xml:121:13-67
272        </activity>
273        <activity
273-->[org.firstinspires.ftc:FtcCommon:11.1.0] AndroidManifest.xml:123:9-128:20
274            android:name="com.qualcomm.ftccommon.configuration.EditWebcamActivity"
274-->[org.firstinspires.ftc:FtcCommon:11.1.0] AndroidManifest.xml:124:13-83
275            android:configChanges="orientation|screenSize"
275-->[org.firstinspires.ftc:FtcCommon:11.1.0] AndroidManifest.xml:125:13-59
276            android:label="@string/edit_webcam_activity"
276-->[org.firstinspires.ftc:FtcCommon:11.1.0] AndroidManifest.xml:126:13-57
277            android:windowSoftInputMode="stateHidden|adjustResize" >
277-->[org.firstinspires.ftc:FtcCommon:11.1.0] AndroidManifest.xml:127:13-67
278        </activity>
279        <activity
279-->[org.firstinspires.ftc:FtcCommon:11.1.0] AndroidManifest.xml:129:9-134:20
280            android:name="com.qualcomm.ftccommon.configuration.EditPWMDevicesActivity"
280-->[org.firstinspires.ftc:FtcCommon:11.1.0] AndroidManifest.xml:130:13-87
281            android:configChanges="orientation|screenSize"
281-->[org.firstinspires.ftc:FtcCommon:11.1.0] AndroidManifest.xml:131:13-59
282            android:label="@string/edit_pwm_devices_activity"
282-->[org.firstinspires.ftc:FtcCommon:11.1.0] AndroidManifest.xml:132:13-62
283            android:windowSoftInputMode="stateHidden|adjustResize" >